  Game.cpp
  main.cpp
  Quad.cpp
  Scene.cpp
  Shader.cpp
  ShaderProgram.cpp
  Texture.cpp
  TexturedQuad.cpp
SOIL.lib(SOIL.obj) : warning LNK4075: ignoring '/EDITANDCONTINUE' due to '/OPT:ICF' specification
LINK : warning LNK4098: defaultlib 'MSVCRTD' conflicts with use of other libs; use /NODEFAULTLIB:library
  Generating code
  278 of 283 functions (98.2%) were compiled, the rest were copied from previous compilation.
    2 functions were new in current compilation
    0 functions had inline decision re-evaluated but remain unchanged
  Finished generating code
SOIL.lib(image_DXT.obj) : warning LNK4099: PDB 'vc100.pdb' was not found with 'SOIL.lib(image_DXT.obj)' or at 'D:\TEMP\VJ\lab\ExOpenGL3\OpenGL\05-textures\Release\vc100.pdb'; linking object as if no debug info
SOIL.lib(image_helper.obj) : warning LNK4099: PDB 'vc100.pdb' was not found with 'SOIL.lib(image_helper.obj)' or at 'D:\TEMP\VJ\lab\ExOpenGL3\OpenGL\05-textures\Release\vc100.pdb'; linking object as if no debug info
SOIL.lib(SOIL.obj) : warning LNK4099: PDB 'vc100.pdb' was not found with 'SOIL.lib(SOIL.obj)' or at 'D:\TEMP\VJ\lab\ExOpenGL3\OpenGL\05-textures\Release\vc100.pdb'; linking object as if no debug info
SOIL.lib(stb_image_aug.obj) : warning LNK4099: PDB 'vc100.pdb' was not found with 'SOIL.lib(stb_image_aug.obj)' or at 'D:\TEMP\VJ\lab\ExOpenGL3\OpenGL\05-textures\Release\vc100.pdb'; linking object as if no debug info
  05-textures.vcxproj -> D:\TEMP\VJ\lab\ExOpenGL3\OpenGL\05-textures\Release\05-textures.exe
